-----------------------------------------------------------------------------------------------------------------
      name:  <unnamed>
       log:  /Users/sepinetam/Documents/Stata/projs/eme/src/xx/../log/xx.log
  log type:  text
 opened on:   5 Dec 2024, 14:38:56

. import delimited "./01_.csv", clear
(encoding automatically selected: GB18030)
(8 vars, 839 obs)

. 
. quietly {

. 
. esttab m201901201912 m202001202012 m202101202112 m202201202212 m202301202312 m201901202212 m201901202312

-----------------------------------------------------------------------------------------------------------------
> -----------
                      (1)             (2)             (3)             (4)             (5)             (6)        
>      (7)   
                 log_IM_P        log_IM_P        log_IM_P        log_IM_P        log_IM_P        log_IM_P        
> log_IM_P   
-----------------------------------------------------------------------------------------------------------------
> -----------
log_IM_Q           -0.592***       -0.271          -0.385***       -0.215**        -0.185          -0.399***     
>   -0.355***
                 (-19.95)         (-1.58)         (-8.97)         (-4.29)         (-1.24)         (-9.20)        
>  (-8.41)   

_cons               11.23***        6.304*          8.367***        5.620***        5.038*          8.428***     
>    7.716***
                  (24.70)          (2.35)         (12.27)          (7.12)          (2.24)         (12.42)        
>  (11.76)   
-----------------------------------------------------------------------------------------------------------------
> -----------
N                      12              11              12              12              12              47        
>       59   
-----------------------------------------------------------------------------------------------------------------
> -----------
t statistics in parentheses
* p<0.05, ** p<0.01, *** p<0.001

. 
. log close
      name:  <unnamed>
       log:  /Users/sepinetam/Documents/Stata/projs/eme/src/xx/../log/xx.log
  log type:  text
 closed on:   5 Dec 2024, 14:38:56
-----------------------------------------------------------------------------------------------------------------
-----------------------------------------------------------------------------------------------------------------
      name:  <unnamed>
       log:  /Users/sepinetam/Documents/Stata/projs/eme/src/xx/../log/xx.log
  log type:  text
 opened on:   5 Dec 2024, 14:39:04

. // log using "../log/xx.log", replace
. import delimited "./02_.csv", clear
(encoding automatically selected: GB18030)
(8 vars, 839 obs)

. 
. quietly {

. 
. esttab m201901201912 m202001202012 m202101202112 m202201202212 m202301202312 m201901202212 m201901202312

-----------------------------------------------------------------------------------------------------------------
> -----------
                      (1)             (2)             (3)             (4)             (5)             (6)        
>      (7)   
                 log_IM_P        log_IM_P        log_IM_P        log_IM_P        log_IM_P        log_IM_P        
> log_IM_P   
-----------------------------------------------------------------------------------------------------------------
> -----------
log_IM_Q            0.281*         -0.352          -0.322**         0.547*          0.404**      -0.00732        
>  -0.0168   
                   (2.69)         (-2.12)         (-3.23)          (2.28)          (4.01)         (-0.08)        
>  (-0.20)   

_cons              -4.508           8.357*          7.818**        -9.611          -6.853**         1.388        
>    1.594   
                  (-2.15)          (2.45)          (3.84)         (-1.98)         (-3.36)          (0.74)        
>   (0.96)   
-----------------------------------------------------------------------------------------------------------------
> -----------
N                      12              11              12              12              12              47        
>       59   
-----------------------------------------------------------------------------------------------------------------
> -----------
t statistics in parentheses
* p<0.05, ** p<0.01, *** p<0.001

. 
. log close
      name:  <unnamed>
       log:  /Users/sepinetam/Documents/Stata/projs/eme/src/xx/../log/xx.log
  log type:  text
 closed on:   5 Dec 2024, 14:39:04
-----------------------------------------------------------------------------------------------------------------
-----------------------------------------------------------------------------------------------------------------
      name:  <unnamed>
       log:  /Users/sepinetam/Documents/Stata/projs/eme/src/xx/../log/xx.log
  log type:  text
 opened on:   5 Dec 2024, 14:39:07

. // log using "../log/xx.log", replace
. import delimited "./03_.csv", clear
(encoding automatically selected: GB18030)
(8 vars, 839 obs)

. 
. quietly {

. 
. esttab m201901201912 m202001202012 m202101202112 m202201202212 m202301202312 m201901202212 m201901202312

-----------------------------------------------------------------------------------------------------------------
> -----------
                      (1)             (2)             (3)             (4)             (5)             (6)        
>      (7)   
                 log_IM_P        log_IM_P        log_IM_P        log_IM_P        log_IM_P        log_IM_P        
> log_IM_P   
-----------------------------------------------------------------------------------------------------------------
> -----------
log_IM_Q           -0.258*         -0.361          -0.234        0.000322          -0.469***       -0.219*       
>   -0.197*  
                  (-2.77)         (-1.66)         (-2.22)          (0.00)         (-5.46)         (-2.12)        
>  (-2.26)   

_cons               6.340**         8.248           5.949*          1.502           10.69***        5.626**      
>    5.228** 
                   (3.47)          (1.93)          (2.91)          (0.43)          (6.29)          (2.79)        
>   (3.06)   
-----------------------------------------------------------------------------------------------------------------
> -----------
N                      12              11              12              12              12              47        
>       59   
-----------------------------------------------------------------------------------------------------------------
> -----------
t statistics in parentheses
* p<0.05, ** p<0.01, *** p<0.001

. 
. log close
      name:  <unnamed>
       log:  /Users/sepinetam/Documents/Stata/projs/eme/src/xx/../log/xx.log
  log type:  text
 closed on:   5 Dec 2024, 14:39:07
-----------------------------------------------------------------------------------------------------------------
-----------------------------------------------------------------------------------------------------------------
      name:  <unnamed>
       log:  /Users/sepinetam/Documents/Stata/projs/eme/src/xx/../log/xx.log
  log type:  text
 opened on:   5 Dec 2024, 14:39:09

. // log using "../log/xx.log", replace
. import delimited "./04_.csv", clear
(encoding automatically selected: GB18030)
(8 vars, 839 obs)

. 
. quietly {

. 
. esttab m201901201912 m202001202012 m202101202112 m202201202212 m202301202312 m201901202212 m201901202312

-----------------------------------------------------------------------------------------------------------------
> -----------
                      (1)             (2)             (3)             (4)             (5)             (6)        
>      (7)   
                 log_IM_P        log_IM_P        log_IM_P        log_IM_P        log_IM_P        log_IM_P        
> log_IM_P   
-----------------------------------------------------------------------------------------------------------------
> -----------
log_IM_Q           -0.258*         -0.361          -0.234        0.000322          -0.469***       -0.219*       
>   -0.197*  
                  (-2.77)         (-1.66)         (-2.22)          (0.00)         (-5.46)         (-2.12)        
>  (-2.26)   

_cons               6.340**         8.248           5.949*          1.502           10.69***        5.626**      
>    5.228** 
                   (3.47)          (1.93)          (2.91)          (0.43)          (6.29)          (2.79)        
>   (3.06)   
-----------------------------------------------------------------------------------------------------------------
> -----------
N                      12              11              12              12              12              47        
>       59   
-----------------------------------------------------------------------------------------------------------------
> -----------
t statistics in parentheses
* p<0.05, ** p<0.01, *** p<0.001

. 
. log close
      name:  <unnamed>
       log:  /Users/sepinetam/Documents/Stata/projs/eme/src/xx/../log/xx.log
  log type:  text
 closed on:   5 Dec 2024, 14:39:09
-----------------------------------------------------------------------------------------------------------------
-----------------------------------------------------------------------------------------------------------------
      name:  <unnamed>
       log:  /Users/sepinetam/Documents/Stata/projs/eme/src/xx/../log/xx.log
  log type:  text
 opened on:   5 Dec 2024, 14:39:10

. // log using "../log/xx.log", replace
. import delimited "./05_.csv", clear
(encoding automatically selected: GB18030)
(8 vars, 839 obs)

. 
. quietly {

. 
. esttab m201901201912 m202001202012 m202101202112 m202201202212 m202301202312 m201901202212 m201901202312

-----------------------------------------------------------------------------------------------------------------
> -----------
                      (1)             (2)             (3)             (4)             (5)             (6)        
>      (7)   
                 log_IM_P        log_IM_P        log_IM_P        log_IM_P        log_IM_P        log_IM_P        
> log_IM_P   
-----------------------------------------------------------------------------------------------------------------
> -----------
log_IM_Q           -0.362       -0.000782           0.346          -0.121           0.308           0.174        
>    0.354   
                  (-2.00)         (-0.00)          (1.41)         (-0.36)          (1.33)          (0.70)        
>   (1.73)   

_cons               7.244*          0.973          -4.711           3.552          -3.915          -1.769        
>   -4.814   
                   (2.37)          (0.20)         (-1.12)          (0.61)         (-0.99)         (-0.42)        
>  (-1.38)   
-----------------------------------------------------------------------------------------------------------------
> -----------
N                      12              11              12              12              12              47        
>       59   
-----------------------------------------------------------------------------------------------------------------
> -----------
t statistics in parentheses
* p<0.05, ** p<0.01, *** p<0.001

. 
. log close
      name:  <unnamed>
       log:  /Users/sepinetam/Documents/Stata/projs/eme/src/xx/../log/xx.log
  log type:  text
 closed on:   5 Dec 2024, 14:39:10
-----------------------------------------------------------------------------------------------------------------
-----------------------------------------------------------------------------------------------------------------
      name:  <unnamed>
       log:  /Users/sepinetam/Documents/Stata/projs/eme/src/xx/../log/xx.log
  log type:  text
 opened on:   5 Dec 2024, 14:39:12

. // log using "../log/xx.log", replace
. import delimited "./06_.csv", clear
(encoding automatically selected: GB18030)
(8 vars, 839 obs)

. 
. quietly {

. 
. esttab m201901201912 m202001202012 m202101202112 m202201202212 m202301202312 m201901202212 m201901202312

-----------------------------------------------------------------------------------------------------------------
> -----------
                      (1)             (2)             (3)             (4)             (5)             (6)        
>      (7)   
                 log_IM_P        log_IM_P        log_IM_P        log_IM_P        log_IM_P        log_IM_P        
> log_IM_P   
-----------------------------------------------------------------------------------------------------------------
> -----------
log_IM_Q           -0.783***       -0.400*         -0.519***       -0.541***       -0.569***       -0.552***     
>   -0.553***
                  (-9.35)         (-3.15)         (-9.49)         (-7.75)         (-7.14)        (-12.46)        
> (-14.45)   

_cons               13.06***        6.208*          8.308***        8.629***        9.241***        8.883***     
>    8.920***
                   (8.78)          (2.77)          (8.63)          (7.00)          (6.52)         (11.35)        
>  (13.17)   
-----------------------------------------------------------------------------------------------------------------
> -----------
N                      12              11              12              12              12              47        
>       59   
-----------------------------------------------------------------------------------------------------------------
> -----------
t statistics in parentheses
* p<0.05, ** p<0.01, *** p<0.001

. 
. log close
      name:  <unnamed>
       log:  /Users/sepinetam/Documents/Stata/projs/eme/src/xx/../log/xx.log
  log type:  text
 closed on:   5 Dec 2024, 14:39:12
-----------------------------------------------------------------------------------------------------------------
-----------------------------------------------------------------------------------------------------------------
      name:  <unnamed>
       log:  /Users/sepinetam/Documents/Stata/projs/eme/src/xx/../log/xx.log
  log type:  text
 opened on:   5 Dec 2024, 14:39:13

. // log using "../log/xx.log", replace
. import delimited "./07_.csv", clear
(encoding automatically selected: GB18030)
(8 vars, 839 obs)

. 
. quietly {

. 
. esttab m201901201912 m202001202012 m202101202112 m202201202212 m202301202312 m201901202212 m201901202312

-----------------------------------------------------------------------------------------------------------------
> -----------
                      (1)             (2)             (3)             (4)             (5)             (6)        
>      (7)   
                 log_IM_P        log_IM_P        log_IM_P        log_IM_P        log_IM_P        log_IM_P        
> log_IM_P   
-----------------------------------------------------------------------------------------------------------------
> -----------
log_IM_Q          -0.0283          0.0178          -0.146         -0.0831          -0.112           0.136*       
>    0.110*  
                  (-0.43)          (0.31)         (-2.07)         (-1.33)         (-1.57)          (2.58)        
>   (2.37)   

_cons              -0.641          -1.589           1.914           0.782           1.284          -3.834***     
>   -3.297***
                  (-0.49)         (-1.38)          (1.33)          (0.61)          (0.88)         (-3.61)        
>  (-3.51)   
-----------------------------------------------------------------------------------------------------------------
> -----------
N                      12              11              12              12              12              47        
>       59   
-----------------------------------------------------------------------------------------------------------------
> -----------
t statistics in parentheses
* p<0.05, ** p<0.01, *** p<0.001

. 
. log close
      name:  <unnamed>
       log:  /Users/sepinetam/Documents/Stata/projs/eme/src/xx/../log/xx.log
  log type:  text
 closed on:   5 Dec 2024, 14:39:13
-----------------------------------------------------------------------------------------------------------------
-----------------------------------------------------------------------------------------------------------------
      name:  <unnamed>
       log:  /Users/sepinetam/Documents/Stata/projs/eme/src/xx/../log/xx.log
  log type:  text
 opened on:   5 Dec 2024, 14:39:14

. // log using "../log/xx.log", replace
. import delimited "./08_.csv", clear
(encoding automatically selected: GB18030)
(8 vars, 839 obs)

. 
. quietly {

. 
. esttab m201901201912 m202001202012 m202101202112 m202201202212 m202301202312 m201901202212 m201901202312

-----------------------------------------------------------------------------------------------------------------
> -----------
                      (1)             (2)             (3)             (4)             (5)             (6)        
>      (7)   
                 log_IM_P        log_IM_P        log_IM_P        log_IM_P        log_IM_P        log_IM_P        
> log_IM_P   
-----------------------------------------------------------------------------------------------------------------
> -----------
log_IM_Q         -0.00733           0.155           0.415          0.0638           0.579           0.202        
>    0.319*  
                  (-0.03)          (0.61)          (1.05)          (0.22)          (1.90)          (1.34)        
>   (2.28)   

_cons               0.616          -2.550          -7.665          -0.544          -10.93          -3.447        
>   -5.788*  
                   (0.13)         (-0.49)         (-0.96)         (-0.09)         (-1.77)         (-1.13)        
>  (-2.05)   
-----------------------------------------------------------------------------------------------------------------
> -----------
N                      12              11              12              12              12              47        
>       59   
-----------------------------------------------------------------------------------------------------------------
> -----------
t statistics in parentheses
* p<0.05, ** p<0.01, *** p<0.001

. 
. log close
      name:  <unnamed>
       log:  /Users/sepinetam/Documents/Stata/projs/eme/src/xx/../log/xx.log
  log type:  text
 closed on:   5 Dec 2024, 14:39:15
-----------------------------------------------------------------------------------------------------------------
-----------------------------------------------------------------------------------------------------------------
      name:  <unnamed>
       log:  /Users/sepinetam/Documents/Stata/projs/eme/src/xx/../log/xx.log
  log type:  text
 opened on:   5 Dec 2024, 14:39:16

. // log using "../log/xx.log", replace
. import delimited "./09_.csv", clear
(encoding automatically selected: GB18030)
(8 vars, 839 obs)

. 
. quietly {

. 
. esttab m201901201912 m202001202012 m202101202112 m202201202212 m202301202312 m201901202212 m201901202312

-----------------------------------------------------------------------------------------------------------------
> -----------
                      (1)             (2)             (3)             (4)             (5)             (6)        
>      (7)   
                 log_IM_P        log_IM_P        log_IM_P        log_IM_P        log_IM_P        log_IM_P        
> log_IM_P   
-----------------------------------------------------------------------------------------------------------------
> -----------
log_IM_Q           -0.260**        -0.143          -0.102           0.143          -0.255**       -0.0595        
>  -0.0641   
                  (-3.39)         (-1.32)         (-1.22)          (1.09)         (-3.94)         (-0.92)        
>  (-1.06)   

_cons               5.452**         3.546           2.898          -1.203           5.749***        2.144        
>    2.261*  
                   (4.14)          (1.89)          (1.97)         (-0.53)          (5.07)          (1.91)        
>   (2.15)   
-----------------------------------------------------------------------------------------------------------------
> -----------
N                      12              11              12              12              12              47        
>       59   
-----------------------------------------------------------------------------------------------------------------
> -----------
t statistics in parentheses
* p<0.05, ** p<0.01, *** p<0.001

. 
. log close
      name:  <unnamed>
       log:  /Users/sepinetam/Documents/Stata/projs/eme/src/xx/../log/xx.log
  log type:  text
 closed on:   5 Dec 2024, 14:39:16
-----------------------------------------------------------------------------------------------------------------
-----------------------------------------------------------------------------------------------------------------
      name:  <unnamed>
       log:  /Users/sepinetam/Documents/Stata/projs/eme/src/xx/../log/xx.log
  log type:  text
 opened on:   5 Dec 2024, 14:39:17

. // log using "../log/xx.log", replace
. import delimited "./10_.csv", clear
(encoding automatically selected: GB18030)
(8 vars, 839 obs)

. 
. quietly {

. 
. esttab m201901201912 m202001202012 m202101202112 m202201202212 m202301202312 m201901202212 m201901202312

-----------------------------------------------------------------------------------------------------------------
> -----------
                      (1)             (2)             (3)             (4)             (5)             (6)        
>      (7)   
                 log_IM_P        log_IM_P        log_IM_P        log_IM_P        log_IM_P        log_IM_P        
> log_IM_P   
-----------------------------------------------------------------------------------------------------------------
> -----------
log_IM_Q           0.0162         -0.0377         -0.0913          -0.221***      -0.0761          0.0810*       
>   0.0982** 
                   (0.22)         (-0.89)         (-0.96)         (-5.52)         (-0.75)          (2.50)        
>   (3.33)   

_cons              -1.589          -0.505           0.860           3.905**         0.647          -2.954***     
>   -3.311***
                  (-1.05)         (-0.55)          (0.41)          (4.41)          (0.29)         (-4.18)        
>  (-5.11)   
-----------------------------------------------------------------------------------------------------------------
> -----------
N                      12              11              12              12              12              47        
>       59   
-----------------------------------------------------------------------------------------------------------------
> -----------
t statistics in parentheses
* p<0.05, ** p<0.01, *** p<0.001

. 
. log close
      name:  <unnamed>
       log:  /Users/sepinetam/Documents/Stata/projs/eme/src/xx/../log/xx.log
  log type:  text
 closed on:   5 Dec 2024, 14:39:17
-----------------------------------------------------------------------------------------------------------------
-------------------------------------------------------------------------------------------------------------------------------------------------
      name:  <unnamed>
       log:  /Users/sepinetam/Documents/Stata/projs/eme/src/xx/../log/xx.log
  log type:  text
 opened on:   5 Dec 2024, 14:41:04

. // log using "../log/xx.log", replace
. import delimited "./10_.csv", clear
(encoding automatically selected: GB18030)
(8 vars, 839 obs)

. 
. quietly {

. 
. esttab m201901201912 m202001202012 m202101202112 m202201202212 m202301202312 m201901202212 m201901202312

----------------------------------------------------------------------------------------------------------------------------
                      (1)             (2)             (3)             (4)             (5)             (6)             (7)   
                 log_IM_P        log_IM_P        log_IM_P        log_IM_P        log_IM_P        log_IM_P        log_IM_P   
----------------------------------------------------------------------------------------------------------------------------
log_IM_Q           0.0162         -0.0377         -0.0913          -0.221***      -0.0761          0.0810*         0.0982** 
                   (0.22)         (-0.89)         (-0.96)         (-5.52)         (-0.75)          (2.50)          (3.33)   

_cons              -1.589          -0.505           0.860           3.905**         0.647          -2.954***       -3.311***
                  (-1.05)         (-0.55)          (0.41)          (4.41)          (0.29)         (-4.18)         (-5.11)   
----------------------------------------------------------------------------------------------------------------------------
N                      12              11              12              12              12              47              59   
----------------------------------------------------------------------------------------------------------------------------
t statistics in parentheses
* p<0.05, ** p<0.01, *** p<0.001

. 
. log close
      name:  <unnamed>
       log:  /Users/sepinetam/Documents/Stata/projs/eme/src/xx/../log/xx.log
  log type:  text
 closed on:   5 Dec 2024, 14:41:04
-------------------------------------------------------------------------------------------------------------------------------------------------
